<?xml version="1.0" encoding="UTF-8"?>
<testng-results skipped="0" failed="0" total="1" passed="1">
  <reporter-output>
  </reporter-output>
  <suite name="Default suite" duration-ms="14098" started-at="2019-04-21T05:36:50Z" finished-at="2019-04-21T05:37:04Z">
    <groups>
    </groups>
    <test name="Default test" duration-ms="14098" started-at="2019-04-21T05:36:50Z" finished-at="2019-04-21T05:37:04Z">
      <class name="guru99GitPractice.testgit.AppTest">
        <test-method status="PASS" signature="shouldAnswerWithTrue()[pri:0, instance:guru99GitPractice.testgit.AppTest@8a9f61]" name="shouldAnswerWithTrue" duration-ms="14081" started-at="2019-04-21T11:06:50Z" finished-at="2019-04-21T11:07:04Z">
          <reporter-output>
          </reporter-output>
        </test-method> <!-- shouldAnswerWithTrue -->
      </class> <!-- guru99GitPractice.testgit.AppTest -->
    </test> <!-- Default test -->
  </suite> <!-- Default suite -->
</testng-results>
